NoSuchBucket: The specified bucket does not exist
    at de_NoSuchBucketRes (/home/ec2-user/node_modules/@aws-sdk/client-s3/dist-cjs/index.js:5024:21)
    at de_CommandError (/home/ec2-user/node_modules/@aws-sdk/client-s3/dist-cjs/index.js:4926:19)
    at process.processTicksAndRejections (node:internal/process/task_queues:95:5)
    at async /home/ec2-user/node_modules/@smithy/middleware-serde/dist-cjs/index.js:36:20
    at async /home/ec2-user/node_modules/@aws-sdk/middleware-sdk-s3/dist-cjs/index.js:484:18
    at async /home/ec2-user/node_modules/@smithy/middleware-retry/dist-cjs/index.js:320:38
    at async /home/ec2-user/node_modules/@aws-sdk/middleware-flexible-checksums/dist-cjs/index.js:318:18
    at async /home/ec2-user/node_modules/@aws-sdk/middleware-sdk-s3/dist-cjs/index.js:110:22
    at async /home/ec2-user/node_modules/@aws-sdk/middleware-sdk-s3/dist-cjs/index.js:137:14
    at async /home/ec2-user/node_modules/@aws-sdk/middleware-logger/dist-cjs/index.js:33:22
NoSuchBucket: The specified bucket does not exist
    at de_NoSuchBucketRes (/home/ec2-user/node_modules/@aws-sdk/client-s3/dist-cjs/index.js:5024:21)
    at de_CommandError (/home/ec2-user/node_modules/@aws-sdk/client-s3/dist-cjs/index.js:4926:19)
    at process.processTicksAndRejections (node:internal/process/task_queues:95:5)
    at async /home/ec2-user/node_modules/@smithy/middleware-serde/dist-cjs/index.js:36:20
    at async /home/ec2-user/node_modules/@aws-sdk/middleware-sdk-s3/dist-cjs/index.js:484:18
    at async /home/ec2-user/node_modules/@smithy/middleware-retry/dist-cjs/index.js:320:38
    at async /home/ec2-user/node_modules/@aws-sdk/middleware-flexible-checksums/dist-cjs/index.js:318:18
    at async /home/ec2-user/node_modules/@aws-sdk/middleware-sdk-s3/dist-cjs/index.js:110:22
    at async /home/ec2-user/node_modules/@aws-sdk/middleware-sdk-s3/dist-cjs/index.js:137:14
    at async /home/ec2-user/node_modules/@aws-sdk/middleware-logger/dist-cjs/index.js:33:22
S3 bucket "wonhochoi1" connection failed: UnknownError
