0 verbose cli /usr/bin/node /usr/bin/npm
1 info using npm@10.8.2
2 info using node@v18.20.8
3 silly config load:file:/usr/lib/node_modules/npm/npmrc
4 silly config load:file:/home/ec2-user/.npmrc
5 silly config load:file:/usr/etc/npmrc
6 verbose title npm install
7 verbose argv "install"
8 verbose logfile logs-max:10 dir:/home/ec2-user/.npm/_logs/2025-06-07T06_22_45_966Z-
9 verbose logfile /home/ec2-user/.npm/_logs/2025-06-07T06_22_45_966Z-debug-0.log
10 silly packumentCache heap:510394368 maxSize:127598592 maxEntrySize:63799296
11 silly logfile start cleaning logs, removing 1 files
12 silly logfile done cleaning log files
13 silly idealTree buildDeps
14 silly reify moves {}
15 silly audit bulk request {
15 silly audit   '@aws-crypto/crc32': [ '5.2.0' ],
15 silly audit   '@aws-crypto/crc32c': [ '5.2.0' ],
15 silly audit   '@aws-crypto/sha1-browser': [ '5.2.0' ],
15 silly audit   '@smithy/is-array-buffer': [ '2.2.0', '4.0.0' ],
15 silly audit   '@smithy/util-buffer-from': [ '2.2.0', '4.0.0' ],
15 silly audit   '@smithy/util-utf8': [ '2.3.0', '4.0.0' ],
15 silly audit   '@aws-crypto/sha256-browser': [ '5.2.0' ],
15 silly audit   '@aws-crypto/sha256-js': [ '5.2.0' ],
15 silly audit   '@aws-crypto/supports-web-crypto': [ '5.2.0' ],
15 silly audit   '@aws-crypto/util': [ '5.2.0' ],
15 silly audit   '@aws-sdk/client-s3': [ '3.826.0' ],
15 silly audit   '@aws-sdk/client-sso': [ '3.826.0' ],
15 silly audit   '@aws-sdk/core': [ '3.826.0' ],
15 silly audit   '@aws-sdk/credential-provider-env': [ '3.826.0' ],
15 silly audit   '@aws-sdk/credential-provider-http': [ '3.826.0' ],
15 silly audit   '@aws-sdk/credential-provider-ini': [ '3.826.0' ],
15 silly audit   '@aws-sdk/credential-provider-node': [ '3.826.0' ],
15 silly audit   '@aws-sdk/credential-provider-process': [ '3.826.0' ],
15 silly audit   '@aws-sdk/credential-provider-sso': [ '3.826.0' ],
15 silly audit   '@aws-sdk/credential-provider-web-identity': [ '3.826.0' ],
15 silly audit   '@aws-sdk/lib-storage': [ '3.826.0' ],
15 silly audit   '@aws-sdk/middleware-bucket-endpoint': [ '3.821.0' ],
15 silly audit   '@aws-sdk/middleware-expect-continue': [ '3.821.0' ],
15 silly audit   '@aws-sdk/middleware-flexible-checksums': [ '3.826.0' ],
15 silly audit   '@aws-sdk/middleware-host-header': [ '3.821.0' ],
15 silly audit   '@aws-sdk/middleware-location-constraint': [ '3.821.0' ],
15 silly audit   '@aws-sdk/middleware-logger': [ '3.821.0' ],
15 silly audit   '@aws-sdk/middleware-recursion-detection': [ '3.821.0' ],
15 silly audit   '@aws-sdk/middleware-sdk-s3': [ '3.826.0' ],
15 silly audit   '@aws-sdk/middleware-ssec': [ '3.821.0' ],
15 silly audit   '@aws-sdk/middleware-user-agent': [ '3.826.0' ],
15 silly audit   '@aws-sdk/nested-clients': [ '3.826.0' ],
15 silly audit   '@aws-sdk/region-config-resolver': [ '3.821.0' ],
15 silly audit   '@aws-sdk/signature-v4-multi-region': [ '3.826.0' ],
15 silly audit   '@aws-sdk/token-providers': [ '3.826.0' ],
15 silly audit   '@aws-sdk/types': [ '3.821.0' ],
15 silly audit   '@aws-sdk/util-arn-parser': [ '3.804.0' ],
15 silly audit   '@aws-sdk/util-endpoints': [ '3.821.0' ],
15 silly audit   '@aws-sdk/util-locate-window': [ '3.804.0' ],
15 silly audit   '@aws-sdk/util-user-agent-browser': [ '3.821.0' ],
15 silly audit   '@aws-sdk/util-user-agent-node': [ '3.826.0' ],
15 silly audit   '@aws-sdk/xml-builder': [ '3.821.0' ],
15 silly audit   '@google-cloud/promisify': [ '4.1.0' ],
15 silly audit   '@google-cloud/vision': [ '4.3.3' ],
15 silly audit   '@grpc/grpc-js': [ '1.13.4' ],
15 silly audit   '@grpc/proto-loader': [ '0.7.15' ],
15 silly audit   '@js-sdsl/ordered-map': [ '4.4.2' ],
15 silly audit   '@mongodb-js/saslprep': [ '1.2.2' ],
15 silly audit   '@protobufjs/aspromise': [ '1.1.2' ],
15 silly audit   '@protobufjs/base64': [ '1.1.2' ],
15 silly audit   '@protobufjs/codegen': [ '2.0.4' ],
15 silly audit   '@protobufjs/eventemitter': [ '1.1.0' ],
15 silly audit   '@protobufjs/fetch': [ '1.1.0' ],
15 silly audit   '@protobufjs/float': [ '1.0.2' ],
15 silly audit   '@protobufjs/inquire': [ '1.1.0' ],
15 silly audit   '@protobufjs/path': [ '1.1.2' ],
15 silly audit   '@protobufjs/pool': [ '1.1.0' ],
15 silly audit   '@protobufjs/utf8': [ '1.1.0' ],
15 silly audit   '@smithy/abort-controller': [ '4.0.4' ],
15 silly audit   '@smithy/chunked-blob-reader': [ '5.0.0' ],
15 silly audit   '@smithy/chunked-blob-reader-native': [ '4.0.0' ],
15 silly audit   '@smithy/config-resolver': [ '4.1.4' ],
15 silly audit   '@smithy/core': [ '3.5.3' ],
15 silly audit   '@smithy/credential-provider-imds': [ '4.0.6' ],
15 silly audit   '@smithy/eventstream-codec': [ '4.0.4' ],
15 silly audit   '@smithy/eventstream-serde-browser': [ '4.0.4' ],
15 silly audit   '@smithy/eventstream-serde-config-resolver': [ '4.1.2' ],
15 silly audit   '@smithy/eventstream-serde-node': [ '4.0.4' ],
15 silly audit   '@smithy/eventstream-serde-universal': [ '4.0.4' ],
15 silly audit   '@smithy/fetch-http-handler': [ '5.0.4' ],
15 silly audit   '@smithy/hash-blob-browser': [ '4.0.4' ],
15 silly audit   '@smithy/hash-node': [ '4.0.4' ],
15 silly audit   '@smithy/hash-stream-node': [ '4.0.4' ],
15 silly audit   '@smithy/invalid-dependency': [ '4.0.4' ],
15 silly audit   '@smithy/md5-js': [ '4.0.4' ],
15 silly audit   '@smithy/middleware-content-length': [ '4.0.4' ],
15 silly audit   '@smithy/middleware-endpoint': [ '4.1.11' ],
15 silly audit   '@smithy/middleware-retry': [ '4.1.12' ],
15 silly audit   '@smithy/middleware-serde': [ '4.0.8' ],
15 silly audit   '@smithy/middleware-stack': [ '4.0.4' ],
15 silly audit   '@smithy/node-config-provider': [ '4.1.3' ],
15 silly audit   '@smithy/node-http-handler': [ '4.0.6' ],
15 silly audit   '@smithy/property-provider': [ '4.0.4' ],
15 silly audit   '@smithy/protocol-http': [ '5.1.2' ],
15 silly audit   '@smithy/querystring-builder': [ '4.0.4' ],
15 silly audit   '@smithy/querystring-parser': [ '4.0.4' ],
15 silly audit   '@smithy/service-error-classification': [ '4.0.5' ],
15 silly audit   '@smithy/shared-ini-file-loader': [ '4.0.4' ],
15 silly audit   '@smithy/signature-v4': [ '5.1.2' ],
15 silly audit   '@smithy/smithy-client': [ '4.4.3' ],
15 silly audit   '@smithy/types': [ '4.3.1' ],
15 silly audit   '@smithy/url-parser': [ '4.0.4' ],
15 silly audit   '@smithy/util-base64': [ '4.0.0' ],
15 silly audit   '@smithy/util-body-length-browser': [ '4.0.0' ],
15 silly audit   '@smithy/util-body-length-node': [ '4.0.0' ],
15 silly audit   '@smithy/util-config-provider': [ '4.0.0' ],
15 silly audit   '@smithy/util-defaults-mode-browser': [ '4.0.19' ],
15 silly audit   '@smithy/util-defaults-mode-node': [ '4.0.19' ],
15 silly audit   '@smithy/util-endpoints': [ '3.0.6' ],
15 silly audit   '@smithy/util-hex-encoding': [ '4.0.0' ],
15 silly audit   '@smithy/util-middleware': [ '4.0.4' ],
15 silly audit   '@smithy/util-retry': [ '4.0.5' ],
15 silly audit   '@smithy/util-stream': [ '4.2.2' ],
15 silly audit   '@smithy/util-uri-escape': [ '4.0.0' ],
15 silly audit   '@smithy/util-waiter': [ '4.0.5' ],
15 silly audit   '@tootallnate/once': [ '2.0.0' ],
15 silly audit   '@types/caseless': [ '0.12.5' ],
15 silly audit   '@types/long': [ '4.0.2' ],
15 silly audit   '@types/node': [ '22.15.30' ],
15 silly audit   '@types/request': [ '2.48.12' ],
15 silly audit   '@types/tough-cookie': [ '4.0.5' ],
15 silly audit   '@types/webidl-conversions': [ '7.0.3' ],
15 silly audit   '@types/whatwg-url': [ '8.2.2' ],
15 silly audit   'abort-controller': [ '3.0.0' ],
15 silly audit   accepts: [ '2.0.0' ],
15 silly audit   'adler-32': [ '1.3.1' ],
15 silly audit   'agent-base': [ '7.1.3', '6.0.2' ],
15 silly audit   'ansi-regex': [ '5.0.1' ],
15 silly audit   'ansi-styles': [ '4.3.0' ],
15 silly audit   anymatch: [ '3.1.3' ],
15 silly audit   'append-field': [ '1.0.0' ],
15 silly audit   'asn1.js': [ '5.4.1' ],
15 silly audit   async: [ '3.2.6' ],
15 silly audit   asynckit: [ '0.4.0' ],
15 silly audit   'balanced-match': [ '1.0.2' ],
15 silly audit   'base64-js': [ '1.5.1' ],
15 silly audit   bcrypt: [ '6.0.0' ],
15 silly audit   'bignumber.js': [ '9.3.0' ],
15 silly audit   'binary-extensions': [ '2.3.0' ],
15 silly audit   'bmp-js': [ '0.1.0' ],
15 silly audit   'bn.js': [ '4.12.2' ],
15 silly audit   'body-parser': [ '2.2.0' ],
15 silly audit   bowser: [ '2.11.0' ],
15 silly audit   'brace-expansion': [ '1.1.11', '2.0.1' ],
15 silly audit   braces: [ '3.0.3' ],
15 silly audit   bson: [ '5.5.1' ],
15 silly audit   buffer: [ '5.6.0' ],
15 silly audit   'buffer-equal-constant-time': [ '1.0.1' ],
15 silly audit   'buffer-from': [ '1.1.2' ],
15 silly audit   busboy: [ '1.6.0' ],
15 silly audit   bytes: [ '3.1.2' ],
15 silly audit   'call-bind-apply-helpers': [ '1.0.2' ],
15 silly audit   'call-bound': [ '1.0.4' ],
15 silly audit   cfb: [ '1.2.2' ],
15 silly audit   chalk: [ '4.1.2' ],
15 silly audit   chokidar: [ '3.6.0' ],
15 silly audit   cliui: [ '8.0.1' ],
15 silly audit   codepage: [ '1.15.0' ],
15 silly audit   'color-convert': [ '2.0.1' ],
15 silly audit   'color-name': [ '1.1.4' ],
15 silly audit   'combined-stream': [ '1.0.8' ],
15 silly audit   'concat-map': [ '0.0.1' ],
15 silly audit   'concat-stream': [ '2.0.0' ],
15 silly audit   'connect-mongo': [ '5.1.0' ],
15 silly audit   'content-disposition': [ '1.0.0' ],
15 silly audit   'content-type': [ '1.0.5' ],
15 silly audit   cookie: [ '0.7.2' ],
15 silly audit   'cookie-signature': [ '1.2.2', '1.0.7' ],
15 silly audit   'crc-32': [ '1.2.2' ],
15 silly audit   debug: [ '4.4.1', '2.6.9', '3.1.0' ],
15 silly audit   'delayed-stream': [ '1.0.0' ],
15 silly audit   depd: [ '2.0.0' ],
15 silly audit   dotenv: [ '16.5.0' ],
15 silly audit   'dunder-proto': [ '1.0.1' ],
15 silly audit   duplexify: [ '4.1.3' ],
15 silly audit   'ecdsa-sig-formatter': [ '1.0.11' ],
15 silly audit   'ee-first': [ '1.1.1' ],
15 silly audit   ejs: [ '3.1.10' ],
15 silly audit   'emoji-regex': [ '8.0.0' ],
15 silly audit   encodeurl: [ '2.0.0' ],
15 silly audit   'end-of-stream': [ '1.4.4' ],
15 silly audit   'es-define-property': [ '1.0.1' ],
15 silly audit   'es-errors': [ '1.3.0' ],
15 silly audit   'es-object-atoms': [ '1.1.1' ],
15 silly audit   'es-set-tostringtag': [ '2.1.0' ],
15 silly audit   escalade: [ '3.2.0' ],
15 silly audit   'escape-html': [ '1.0.3' ],
15 silly audit   etag: [ '1.8.1' ],
15 silly audit   'event-target-shim': [ '5.0.1' ],
15 silly audit   events: [ '3.3.0' ],
15 silly audit   express: [ '5.1.0' ],
15 silly audit   'express-session': [ '1.18.1' ],
15 silly audit   ms: [ '2.0.0', '2.1.3' ],
15 silly audit   extend: [ '3.0.2' ],
15 silly audit   'fast-xml-parser': [ '4.4.1' ],
15 silly audit   'file-type': [ '3.9.0' ],
15 silly audit   filelist: [ '1.0.4' ],
15 silly audit   minimatch: [ '5.1.6', '3.1.2' ],
15 silly audit   'fill-range': [ '7.1.1' ],
15 silly audit   finalhandler: [ '2.1.0' ],
15 silly audit   'form-data': [ '2.5.3' ],
15 silly audit   'mime-db': [ '1.52.0', '1.54.0' ],
15 silly audit   'mime-types': [ '2.1.35', '3.0.1' ],
15 silly audit   forwarded: [ '0.2.0' ],
15 silly audit   frac: [ '1.1.2' ],
15 silly audit   fresh: [ '2.0.0' ],
15 silly audit   fsevents: [ '2.3.3' ],
15 silly audit   'function-bind': [ '1.1.2' ],
15 silly audit   gaxios: [ '6.7.1' ],
15 silly audit   'gcp-metadata': [ '6.1.1' ],
15 silly audit   'get-caller-file': [ '2.0.5' ],
15 silly audit   'get-intrinsic': [ '1.3.0' ],
15 silly audit   'get-proto': [ '1.0.1' ],
15 silly audit   'glob-parent': [ '5.1.2' ],
15 silly audit   'google-auth-library': [ '9.15.1' ],
15 silly audit   'google-gax': [ '4.6.1' ],
15 silly audit   'google-logging-utils': [ '0.0.2' ],
15 silly audit   gopd: [ '1.2.0' ],
15 silly audit   gtoken: [ '7.1.0' ],
15 silly audit   'has-flag': [ '4.0.0', '3.0.0' ],
15 silly audit   'has-symbols': [ '1.1.0' ],
15 silly audit   'has-tostringtag': [ '1.0.2' ],
15 silly audit   hasown: [ '2.0.2' ],
15 silly audit   'html-comment-regex': [ '1.1.2' ],
15 silly audit   'http-errors': [ '2.0.0' ],
15 silly audit   statuses: [ '2.0.1', '2.0.2' ],
15 silly audit   'http-proxy-agent': [ '5.0.0' ],
15 silly audit   'https-proxy-agent': [ '7.0.6', '5.0.1' ],
15 silly audit   'iconv-lite': [ '0.6.3' ],
15 silly audit   'idb-keyval': [ '6.2.2' ],
15 silly audit   ieee754: [ '1.2.1' ],
15 silly audit   'ignore-by-default': [ '1.0.1' ],
15 silly audit   inherits: [ '2.0.4' ],
15 silly audit   'ip-address': [ '9.0.5' ],
15 silly audit   'ipaddr.js': [ '1.9.1' ],
15 silly audit   is: [ '3.3.0' ],
15 silly audit   'is-binary-path': [ '2.1.0' ],
15 silly audit   'is-electron': [ '2.2.2' ],
15 silly audit   'is-extglob': [ '2.1.1' ],
15 silly audit   'is-fullwidth-code-point': [ '3.0.0' ],
15 silly audit   'is-glob': [ '4.0.3' ],
15 silly audit   'is-number': [ '7.0.0' ],
15 silly audit   'is-promise': [ '4.0.0' ],
15 silly audit   'is-stream': [ '2.0.1' ],
15 silly audit   'is-url': [ '1.2.4' ],
15 silly audit   jake: [ '10.9.2' ],
15 silly audit   jsbn: [ '1.1.0' ],
15 silly audit   'json-bigint': [ '1.0.0' ],
15 silly audit   jsonwebtoken: [ '9.0.2' ],
15 silly audit   jwa: [ '1.4.2', '2.0.1' ],
15 silly audit   jws: [ '3.2.2', '4.0.0' ],
15 silly audit   kruptein: [ '3.0.8' ],
15 silly audit   'lodash.camelcase': [ '4.3.0' ],
15 silly audit   'lodash.includes': [ '4.3.0' ],
15 silly audit   'lodash.isboolean': [ '3.0.3' ],
15 silly audit   'lodash.isinteger': [ '4.0.4' ],
15 silly audit   'lodash.isnumber': [ '3.0.3' ],
15 silly audit   'lodash.isplainobject': [ '4.0.6' ],
15 silly audit   'lodash.isstring': [ '4.0.1' ],
15 silly audit   'lodash.once': [ '4.1.1' ],
15 silly audit   long: [ '5.3.2' ],
15 silly audit   'math-intrinsics': [ '1.1.0' ],
15 silly audit   'media-typer': [ '1.1.0', '0.3.0' ],
15 silly audit   'memory-pager': [ '1.5.0' ],
15 silly audit   'merge-descriptors': [ '2.0.0' ],
15 silly audit   'method-override': [ '3.0.0' ],
15 silly audit   methods: [ '1.1.2' ],
15 silly audit   'minimalistic-assert': [ '1.0.1' ],
15 silly audit   minimist: [ '1.2.8' ],
15 silly audit   mkdirp: [ '0.5.6' ],
15 silly audit   mongodb: [ '5.9.2' ],
15 silly audit   'mongodb-connection-string-url': [ '2.6.0' ],
15 silly audit   multer: [ '2.0.1' ],
15 silly audit   'multer-s3': [ '3.0.1' ],
15 silly audit   'type-is': [ '1.6.18', '2.0.1' ],
15 silly audit   negotiator: [ '1.0.0' ],
15 silly audit   'node-addon-api': [ '8.3.1' ],
15 silly audit   'node-fetch': [ '2.7.0' ],
15 silly audit   tr46: [ '0.0.3', '3.0.0' ],
15 silly audit   'webidl-conversions': [ '3.0.1', '7.0.0' ],
15 silly audit   'whatwg-url': [ '5.0.0', '11.0.0' ],
15 silly audit   'node-gyp-build': [ '4.8.4' ],
15 silly audit   nodemailer: [ '7.0.3' ],
15 silly audit   nodemon: [ '3.1.10' ],
15 silly audit   'supports-color': [ '5.5.0', '7.2.0' ],
15 silly audit   'normalize-path': [ '3.0.0' ],
15 silly audit   'object-assign': [ '4.1.1' ],
15 silly audit   'object-hash': [ '3.0.0' ],
15 silly audit   'object-inspect': [ '1.13.4' ],
15 silly audit   'on-finished': [ '2.4.1' ],
15 silly audit   'on-headers': [ '1.0.2' ],
15 silly audit   once: [ '1.4.0' ],
15 silly audit   'opencollective-postinstall': [ '2.0.3' ],
15 silly audit   parseurl: [ '1.3.3' ],
15 silly audit   passport: [ '0.7.0' ],
15 silly audit   'passport-local': [ '1.0.0' ],
15 silly audit   'passport-strategy': [ '1.0.0' ],
15 silly audit   'path-to-regexp': [ '8.2.0' ],
15 silly audit   pause: [ '0.0.1' ],
15 silly audit   picomatch: [ '2.3.1' ],
15 silly audit   'proto3-json-serializer': [ '2.0.2' ],
15 silly audit   protobufjs: [ '7.5.3' ],
15 silly audit   'proxy-addr': [ '2.0.7' ],
15 silly audit   'pstree.remy': [ '1.1.8' ],
15 silly audit   punycode: [ '2.3.1' ],
15 silly audit   qs: [ '6.14.0' ],
15 silly audit   'queue-microtask': [ '1.2.3' ],
15 silly audit   'random-bytes': [ '1.0.0' ],
15 silly audit   'range-parser': [ '1.2.1' ],
15 silly audit   'raw-body': [ '3.0.0' ],
15 silly audit   'readable-stream': [ '3.6.2' ],
15 silly audit   readdirp: [ '3.6.0' ],
15 silly audit   'regenerator-runtime': [ '0.13.11' ],
15 silly audit   'require-directory': [ '2.1.1' ],
15 silly audit   'retry-request': [ '7.0.2' ],
15 silly audit   router: [ '2.2.0' ],
15 silly audit   'run-parallel': [ '1.2.0' ],
15 silly audit   'safe-buffer': [ '5.2.1' ],
15 silly audit   'safer-buffer': [ '2.1.2' ],
15 silly audit   semver: [ '7.7.2' ],
15 silly audit   send: [ '1.2.0' ],
15 silly audit   'serve-static': [ '2.2.0' ],
15 silly audit   setprototypeof: [ '1.2.0' ],
15 silly audit   'side-channel': [ '1.1.0' ],
15 silly audit   'side-channel-list': [ '1.0.0' ],
15 silly audit   'side-channel-map': [ '1.0.1' ],
15 silly audit   'side-channel-weakmap': [ '1.0.2' ],
15 silly audit   'simple-update-notifier': [ '2.0.0' ],
15 silly audit   'smart-buffer': [ '4.2.0' ],
15 silly audit   socks: [ '2.8.4' ],
15 silly audit   'sparse-bitfield': [ '3.0.3' ],
15 silly audit   'sprintf-js': [ '1.1.3' ],
15 silly audit   ssf: [ '0.11.2' ],
15 silly audit   'stream-browserify': [ '3.0.0' ],
15 silly audit   'stream-events': [ '1.0.5' ],
15 silly audit   'stream-shift': [ '1.0.3' ],
15 silly audit   streamsearch: [ '1.1.0' ],
15 silly audit   string_decoder: [ '1.3.0' ],
15 silly audit   'string-width': [ '4.2.3' ],
15 silly audit   'strip-ansi': [ '6.0.1' ],
15 silly audit   strnum: [ '1.1.2' ],
15 silly audit   stubs: [ '3.0.0' ],
15 silly audit   'teeny-request': [ '9.0.0' ],
15 silly audit   'tesseract.js': [ '4.1.4' ],
15 silly audit   'tesseract.js-core': [ '4.0.4' ],
15 silly audit   'to-regex-range': [ '5.0.1' ],
15 silly audit   toidentifier: [ '1.0.1' ],
15 silly audit   touch: [ '3.1.1' ],
15 silly audit   tslib: [ '2.8.1' ],
15 silly audit   typedarray: [ '0.0.6' ],
15 silly audit   'uid-safe': [ '2.1.5' ],
15 silly audit   undefsafe: [ '2.0.5' ],
15 silly audit   'undici-types': [ '6.21.0' ],
15 silly audit   unpipe: [ '1.0.0' ],
15 silly audit   'util-deprecate': [ '1.0.2' ],
15 silly audit   'utils-merge': [ '1.0.1' ],
15 silly audit   uuid: [ '9.0.1' ],
15 silly audit   vary: [ '1.1.2' ],
15 silly audit   'wasm-feature-detect': [ '1.8.0' ],
15 silly audit   wmf: [ '1.0.2' ],
15 silly audit   word: [ '0.3.0' ],
15 silly audit   'wrap-ansi': [ '7.0.0' ],
15 silly audit   wrappy: [ '1.0.2' ],
15 silly audit   xlsx: [ '0.18.5' ],
15 silly audit   xtend: [ '4.0.2' ],
15 silly audit   y18n: [ '5.0.8' ],
15 silly audit   yargs: [ '17.7.2' ],
15 silly audit   'yargs-parser': [ '21.1.1' ],
15 silly audit   zlibjs: [ '0.3.1' ]
15 silly audit }
16 verbose reify failed optional dependency /home/ec2-user/node_modules/fsevents
17 silly reify mark deleted [ '/home/ec2-user/node_modules/fsevents' ]
18 http fetch POST 200 https://registry.npmjs.org/-/npm/v1/security/advisories/bulk 1784ms
19 silly audit report {
19 silly audit report   xlsx: [
19 silly audit report     {
19 silly audit report       id: 1094599,
19 silly audit report       url: 'https://github.com/advisories/GHSA-4r6h-8v6p-xvw6',
19 silly audit report       title: 'Prototype Pollution in sheetJS',
19 silly audit report       severity: 'high',
19 silly audit report       vulnerable_versions: '<0.19.3',
19 silly audit report       cwe: [Array],
19 silly audit report       cvss: [Object]
19 silly audit report     },
19 silly audit report     {
19 silly audit report       id: 1096911,
19 silly audit report       url: 'https://github.com/advisories/GHSA-5pgg-2g8v-p4x9',
19 silly audit report       title: 'SheetJS Regular Expression Denial of Service (ReDoS)',
19 silly audit report       severity: 'high',
19 silly audit report       vulnerable_versions: '<0.20.2',
19 silly audit report       cwe: [Array],
19 silly audit report       cvss: [Object]
19 silly audit report     }
19 silly audit report   ]
19 silly audit report }
20 silly packumentCache corgi:https://registry.npmjs.org/xlsx cache-miss
21 http fetch GET 200 https://registry.npmjs.org/xlsx 672ms (cache revalidated)
22 silly packumentCache corgi:https://registry.npmjs.org/xlsx set size:134408 disposed:false
23 info run bcrypt@6.0.0 install node_modules/bcrypt node-gyp-build
24 info run bcrypt@6.0.0 install { code: 0, signal: null }
25 info run protobufjs@7.5.3 postinstall node_modules/protobufjs node scripts/postinstall
26 info run protobufjs@7.5.3 postinstall { code: 0, signal: null }
27 info run tesseract.js@4.1.4 postinstall node_modules/tesseract.js opencollective-postinstall || true
28 info run tesseract.js@4.1.4 postinstall { code: 0, signal: null }
29 silly ADD node_modules/zlibjs
30 silly ADD node_modules/yargs-parser
31 silly ADD node_modules/yargs
32 silly ADD node_modules/y18n
33 silly ADD node_modules/xtend
34 silly ADD node_modules/xlsx
35 silly ADD node_modules/wrappy
36 silly ADD node_modules/wrap-ansi
37 silly ADD node_modules/word
38 silly ADD node_modules/wmf
39 silly ADD node_modules/whatwg-url
40 silly ADD node_modules/webidl-conversions
41 silly ADD node_modules/wasm-feature-detect
42 silly ADD node_modules/vary
43 silly ADD node_modules/uuid
44 silly ADD node_modules/utils-merge
45 silly ADD node_modules/util-deprecate
46 silly ADD node_modules/unpipe
47 silly ADD node_modules/undici-types
48 silly ADD node_modules/undefsafe
49 silly ADD node_modules/uid-safe
50 silly ADD node_modules/typedarray
51 silly ADD node_modules/type-is
52 silly ADD node_modules/tslib
53 silly ADD node_modules/tr46
54 silly ADD node_modules/touch
55 silly ADD node_modules/toidentifier
56 silly ADD node_modules/to-regex-range
57 silly ADD node_modules/tesseract.js-core
58 silly ADD node_modules/tesseract.js
59 silly ADD node_modules/teeny-request
60 silly ADD node_modules/teeny-request/node_modules/https-proxy-agent
61 silly ADD node_modules/teeny-request/node_modules/agent-base
62 silly ADD node_modules/supports-color
63 silly ADD node_modules/stubs
64 silly ADD node_modules/strnum
65 silly ADD node_modules/strip-ansi
66 silly ADD node_modules/string-width
67 silly ADD node_modules/string_decoder
68 silly ADD node_modules/streamsearch
69 silly ADD node_modules/stream-shift
70 silly ADD node_modules/stream-events
71 silly ADD node_modules/stream-browserify
72 silly ADD node_modules/statuses
73 silly ADD node_modules/ssf
74 silly ADD node_modules/sprintf-js
75 silly ADD node_modules/sparse-bitfield
76 silly ADD node_modules/socks
77 silly ADD node_modules/smart-buffer
78 silly ADD node_modules/simple-update-notifier
79 silly ADD node_modules/side-channel-weakmap
80 silly ADD node_modules/side-channel-map
81 silly ADD node_modules/side-channel-list
82 silly ADD node_modules/side-channel
83 silly ADD node_modules/setprototypeof
84 silly ADD node_modules/serve-static
85 silly ADD node_modules/send
86 silly ADD node_modules/semver
87 silly ADD node_modules/safer-buffer
88 silly ADD node_modules/safe-buffer
89 silly ADD node_modules/run-parallel
90 silly ADD node_modules/router
91 silly ADD node_modules/retry-request
92 silly ADD node_modules/require-directory
93 silly ADD node_modules/regenerator-runtime
94 silly ADD node_modules/readdirp
95 silly ADD node_modules/readable-stream
96 silly ADD node_modules/raw-body
97 silly ADD node_modules/range-parser
98 silly ADD node_modules/random-bytes
99 silly ADD node_modules/queue-microtask
100 silly ADD node_modules/qs
101 silly ADD node_modules/punycode
102 silly ADD node_modules/pstree.remy
103 silly ADD node_modules/proxy-addr
104 silly ADD node_modules/protobufjs
105 silly ADD node_modules/proto3-json-serializer
106 silly ADD node_modules/picomatch
107 silly ADD node_modules/pause
108 silly ADD node_modules/path-to-regexp
109 silly ADD node_modules/passport-strategy
110 silly ADD node_modules/passport-local
111 silly ADD node_modules/passport
112 silly ADD node_modules/parseurl
113 silly ADD node_modules/opencollective-postinstall
114 silly ADD node_modules/once
115 silly ADD node_modules/on-headers
116 silly ADD node_modules/on-finished
117 silly ADD node_modules/object-inspect
118 silly ADD node_modules/object-hash
119 silly ADD node_modules/object-assign
120 silly ADD node_modules/normalize-path
121 silly ADD node_modules/nodemon
122 silly ADD node_modules/nodemon/node_modules/supports-color
123 silly ADD node_modules/nodemon/node_modules/has-flag
124 silly ADD node_modules/nodemailer
125 silly ADD node_modules/node-gyp-build
126 silly ADD node_modules/node-fetch
127 silly ADD node_modules/node-fetch/node_modules/whatwg-url
128 silly ADD node_modules/node-fetch/node_modules/webidl-conversions
129 silly ADD node_modules/node-fetch/node_modules/tr46
130 silly ADD node_modules/node-addon-api
131 silly ADD node_modules/negotiator
132 silly ADD node_modules/multer-s3
133 silly ADD node_modules/multer
134 silly ADD node_modules/multer/node_modules/type-is
135 silly ADD node_modules/multer/node_modules/mime-types
136 silly ADD node_modules/multer/node_modules/mime-db
137 silly ADD node_modules/multer/node_modules/media-typer
138 silly ADD node_modules/ms
139 silly ADD node_modules/mongodb-connection-string-url
140 silly ADD node_modules/mongodb
141 silly ADD node_modules/mkdirp
142 silly ADD node_modules/minimist
143 silly ADD node_modules/minimatch
144 silly ADD node_modules/minimalistic-assert
145 silly ADD node_modules/mime-types
146 silly ADD node_modules/mime-db
147 silly ADD node_modules/methods
148 silly ADD node_modules/method-override
149 silly ADD node_modules/method-override/node_modules/ms
150 silly ADD node_modules/method-override/node_modules/debug
151 silly ADD node_modules/merge-descriptors
152 silly ADD node_modules/memory-pager
153 silly ADD node_modules/media-typer
154 silly ADD node_modules/math-intrinsics
155 silly ADD node_modules/long
156 silly ADD node_modules/lodash.once
157 silly ADD node_modules/lodash.isstring
158 silly ADD node_modules/lodash.isplainobject
159 silly ADD node_modules/lodash.isnumber
160 silly ADD node_modules/lodash.isinteger
161 silly ADD node_modules/lodash.isboolean
162 silly ADD node_modules/lodash.includes
163 silly ADD node_modules/lodash.camelcase
164 silly ADD node_modules/kruptein
165 silly ADD node_modules/jws
166 silly ADD node_modules/jwa
167 silly ADD node_modules/jsonwebtoken
168 silly ADD node_modules/jsonwebtoken/node_modules/jws
169 silly ADD node_modules/jsonwebtoken/node_modules/jwa
170 silly ADD node_modules/json-bigint
171 silly ADD node_modules/jsbn
172 silly ADD node_modules/jake
173 silly ADD node_modules/is-url
174 silly ADD node_modules/is-stream
175 silly ADD node_modules/is-promise
176 silly ADD node_modules/is-number
177 silly ADD node_modules/is-glob
178 silly ADD node_modules/is-fullwidth-code-point
179 silly ADD node_modules/is-extglob
180 silly ADD node_modules/is-electron
181 silly ADD node_modules/is-binary-path
182 silly ADD node_modules/is
183 silly ADD node_modules/ipaddr.js
184 silly ADD node_modules/ip-address
185 silly ADD node_modules/inherits
186 silly ADD node_modules/ignore-by-default
187 silly ADD node_modules/ieee754
188 silly ADD node_modules/idb-keyval
189 silly ADD node_modules/iconv-lite
190 silly ADD node_modules/https-proxy-agent
191 silly ADD node_modules/http-proxy-agent
192 silly ADD node_modules/http-proxy-agent/node_modules/agent-base
193 silly ADD node_modules/http-errors
194 silly ADD node_modules/http-errors/node_modules/statuses
195 silly ADD node_modules/html-comment-regex
196 silly ADD node_modules/hasown
197 silly ADD node_modules/has-tostringtag
198 silly ADD node_modules/has-symbols
199 silly ADD node_modules/has-flag
200 silly ADD node_modules/gtoken
201 silly ADD node_modules/gopd
202 silly ADD node_modules/google-logging-utils
203 silly ADD node_modules/google-gax
204 silly ADD node_modules/google-auth-library
205 silly ADD node_modules/glob-parent
206 silly ADD node_modules/get-proto
207 silly ADD node_modules/get-intrinsic
208 silly ADD node_modules/get-caller-file
209 silly ADD node_modules/gcp-metadata
210 silly ADD node_modules/gaxios
211 silly ADD node_modules/function-bind
212 silly ADD
213 silly ADD node_modules/fresh
214 silly ADD node_modules/frac
215 silly ADD node_modules/forwarded
216 silly ADD node_modules/form-data
217 silly ADD node_modules/form-data/node_modules/mime-types
218 silly ADD node_modules/form-data/node_modules/mime-db
219 silly ADD node_modules/finalhandler
220 silly ADD node_modules/fill-range
221 silly ADD node_modules/filelist
222 silly ADD node_modules/filelist/node_modules/minimatch
223 silly ADD node_modules/filelist/node_modules/brace-expansion
224 silly ADD node_modules/file-type
225 silly ADD node_modules/fast-xml-parser
226 silly ADD node_modules/extend
227 silly ADD node_modules/express-session
228 silly ADD node_modules/express-session/node_modules/ms
229 silly ADD node_modules/express-session/node_modules/debug
230 silly ADD node_modules/express-session/node_modules/cookie-signature
231 silly ADD node_modules/express
232 silly ADD node_modules/events
233 silly ADD node_modules/event-target-shim
234 silly ADD node_modules/etag
235 silly ADD node_modules/escape-html
236 silly ADD node_modules/escalade
237 silly ADD node_modules/es-set-tostringtag
238 silly ADD node_modules/es-object-atoms
239 silly ADD node_modules/es-errors
240 silly ADD node_modules/es-define-property
241 silly ADD node_modules/end-of-stream
242 silly ADD node_modules/encodeurl
243 silly ADD node_modules/emoji-regex
244 silly ADD node_modules/ejs
245 silly ADD node_modules/ee-first
246 silly ADD node_modules/ecdsa-sig-formatter
247 silly ADD node_modules/duplexify
248 silly ADD node_modules/dunder-proto
249 silly ADD node_modules/dotenv
250 silly ADD node_modules/depd
251 silly ADD node_modules/delayed-stream
252 silly ADD node_modules/debug
253 silly ADD node_modules/crc-32
254 silly ADD node_modules/cookie-signature
255 silly ADD node_modules/cookie
256 silly ADD node_modules/content-type
257 silly ADD node_modules/content-disposition
258 silly ADD node_modules/connect-mongo
259 silly ADD node_modules/concat-stream
260 silly ADD node_modules/concat-map
261 silly ADD node_modules/combined-stream
262 silly ADD node_modules/color-name
263 silly ADD node_modules/color-convert
264 silly ADD node_modules/codepage
265 silly ADD node_modules/cliui
266 silly ADD node_modules/chokidar
267 silly ADD node_modules/chalk
268 silly ADD node_modules/cfb
269 silly ADD node_modules/call-bound
270 silly ADD node_modules/call-bind-apply-helpers
271 silly ADD node_modules/bytes
272 silly ADD node_modules/busboy
273 silly ADD node_modules/buffer-from
274 silly ADD node_modules/buffer-equal-constant-time
275 silly ADD node_modules/buffer
276 silly ADD node_modules/bson
277 silly ADD node_modules/braces
278 silly ADD node_modules/brace-expansion
279 silly ADD node_modules/bowser
280 silly ADD node_modules/body-parser
281 silly ADD node_modules/bn.js
282 silly ADD node_modules/bmp-js
283 silly ADD node_modules/binary-extensions
284 silly ADD node_modules/bignumber.js
285 silly ADD node_modules/bcrypt
286 silly ADD node_modules/base64-js
287 silly ADD node_modules/balanced-match
288 silly ADD node_modules/asynckit
289 silly ADD node_modules/async
290 silly ADD node_modules/asn1.js
291 silly ADD node_modules/append-field
292 silly ADD node_modules/anymatch
293 silly ADD node_modules/ansi-styles
294 silly ADD node_modules/ansi-regex
295 silly ADD node_modules/agent-base
296 silly ADD node_modules/adler-32
297 silly ADD node_modules/accepts
298 silly ADD node_modules/abort-controller
299 silly ADD node_modules/@types/whatwg-url
300 silly ADD node_modules/@types/webidl-conversions
301 silly ADD node_modules/@types/tough-cookie
302 silly ADD node_modules/@types/request
303 silly ADD node_modules/@types/node
304 silly ADD node_modules/@types/long
305 silly ADD node_modules/@types/caseless
306 silly ADD node_modules/@tootallnate/once
307 silly ADD node_modules/@smithy/util-waiter
308 silly ADD node_modules/@smithy/util-utf8
309 silly ADD node_modules/@smithy/util-uri-escape
310 silly ADD node_modules/@smithy/util-stream
311 silly ADD node_modules/@smithy/util-retry
312 silly ADD node_modules/@smithy/util-middleware
313 silly ADD node_modules/@smithy/util-hex-encoding
314 silly ADD node_modules/@smithy/util-endpoints
315 silly ADD node_modules/@smithy/util-defaults-mode-node
316 silly ADD node_modules/@smithy/util-defaults-mode-browser
317 silly ADD node_modules/@smithy/util-config-provider
318 silly ADD node_modules/@smithy/util-buffer-from
319 silly ADD node_modules/@smithy/util-body-length-node
320 silly ADD node_modules/@smithy/util-body-length-browser
321 silly ADD node_modules/@smithy/util-base64
322 silly ADD node_modules/@smithy/url-parser
323 silly ADD node_modules/@smithy/types
324 silly ADD node_modules/@smithy/smithy-client
325 silly ADD node_modules/@smithy/signature-v4
326 silly ADD node_modules/@smithy/shared-ini-file-loader
327 silly ADD node_modules/@smithy/service-error-classification
328 silly ADD node_modules/@smithy/querystring-parser
329 silly ADD node_modules/@smithy/querystring-builder
330 silly ADD node_modules/@smithy/protocol-http
331 silly ADD node_modules/@smithy/property-provider
332 silly ADD node_modules/@smithy/node-http-handler
333 silly ADD node_modules/@smithy/node-config-provider
334 silly ADD node_modules/@smithy/middleware-stack
335 silly ADD node_modules/@smithy/middleware-serde
336 silly ADD node_modules/@smithy/middleware-retry
337 silly ADD node_modules/@smithy/middleware-endpoint
338 silly ADD node_modules/@smithy/middleware-content-length
339 silly ADD node_modules/@smithy/md5-js
340 silly ADD node_modules/@smithy/is-array-buffer
341 silly ADD node_modules/@smithy/invalid-dependency
342 silly ADD node_modules/@smithy/hash-stream-node
343 silly ADD node_modules/@smithy/hash-node
344 silly ADD node_modules/@smithy/hash-blob-browser
345 silly ADD node_modules/@smithy/fetch-http-handler
346 silly ADD node_modules/@smithy/eventstream-serde-universal
347 silly ADD node_modules/@smithy/eventstream-serde-node
348 silly ADD node_modules/@smithy/eventstream-serde-config-resolver
349 silly ADD node_modules/@smithy/eventstream-serde-browser
350 silly ADD node_modules/@smithy/eventstream-codec
351 silly ADD node_modules/@smithy/credential-provider-imds
352 silly ADD node_modules/@smithy/core
353 silly ADD node_modules/@smithy/config-resolver
354 silly ADD node_modules/@smithy/chunked-blob-reader-native
355 silly ADD node_modules/@smithy/chunked-blob-reader
356 silly ADD node_modules/@smithy/abort-controller
357 silly ADD node_modules/@protobufjs/utf8
358 silly ADD node_modules/@protobufjs/pool
359 silly ADD node_modules/@protobufjs/path
360 silly ADD node_modules/@protobufjs/inquire
361 silly ADD node_modules/@protobufjs/float
362 silly ADD node_modules/@protobufjs/fetch
363 silly ADD node_modules/@protobufjs/eventemitter
364 silly ADD node_modules/@protobufjs/codegen
365 silly ADD node_modules/@protobufjs/base64
366 silly ADD node_modules/@protobufjs/aspromise
367 silly ADD node_modules/@mongodb-js/saslprep
368 silly ADD node_modules/@js-sdsl/ordered-map
369 silly ADD node_modules/@grpc/proto-loader
370 silly ADD node_modules/@grpc/grpc-js
371 silly ADD node_modules/@google-cloud/vision
372 silly ADD node_modules/@google-cloud/promisify
373 silly ADD node_modules/@aws-sdk/xml-builder
374 silly ADD node_modules/@aws-sdk/util-user-agent-node
375 silly ADD node_modules/@aws-sdk/util-user-agent-browser
376 silly ADD node_modules/@aws-sdk/util-locate-window
377 silly ADD node_modules/@aws-sdk/util-endpoints
378 silly ADD node_modules/@aws-sdk/util-arn-parser
379 silly ADD node_modules/@aws-sdk/types
380 silly ADD node_modules/@aws-sdk/token-providers
381 silly ADD node_modules/@aws-sdk/signature-v4-multi-region
382 silly ADD node_modules/@aws-sdk/region-config-resolver
383 silly ADD node_modules/@aws-sdk/nested-clients
384 silly ADD node_modules/@aws-sdk/middleware-user-agent
385 silly ADD node_modules/@aws-sdk/middleware-ssec
386 silly ADD node_modules/@aws-sdk/middleware-sdk-s3
387 silly ADD node_modules/@aws-sdk/middleware-recursion-detection
388 silly ADD node_modules/@aws-sdk/middleware-logger
389 silly ADD node_modules/@aws-sdk/middleware-location-constraint
390 silly ADD node_modules/@aws-sdk/middleware-host-header
391 silly ADD node_modules/@aws-sdk/middleware-flexible-checksums
392 silly ADD node_modules/@aws-sdk/middleware-expect-continue
393 silly ADD node_modules/@aws-sdk/middleware-bucket-endpoint
394 silly ADD node_modules/@aws-sdk/lib-storage
395 silly ADD node_modules/@aws-sdk/credential-provider-web-identity
396 silly ADD node_modules/@aws-sdk/credential-provider-sso
397 silly ADD node_modules/@aws-sdk/credential-provider-process
398 silly ADD node_modules/@aws-sdk/credential-provider-node
399 silly ADD node_modules/@aws-sdk/credential-provider-ini
400 silly ADD node_modules/@aws-sdk/credential-provider-http
401 silly ADD node_modules/@aws-sdk/credential-provider-env
402 silly ADD node_modules/@aws-sdk/core
403 silly ADD node_modules/@aws-sdk/client-sso
404 silly ADD node_modules/@aws-sdk/client-s3
405 silly ADD node_modules/@aws-crypto/util
406 silly ADD node_modules/@aws-crypto/util/node_modules/@smithy/util-utf8
407 silly ADD node_modules/@aws-crypto/util/node_modules/@smithy/util-buffer-from
408 silly ADD node_modules/@aws-crypto/util/node_modules/@smithy/is-array-buffer
409 silly ADD node_modules/@aws-crypto/supports-web-crypto
410 silly ADD node_modules/@aws-crypto/sha256-js
411 silly ADD node_modules/@aws-crypto/sha256-browser
412 silly ADD node_modules/@aws-crypto/sha256-browser/node_modules/@smithy/util-utf8
413 silly ADD node_modules/@aws-crypto/sha256-browser/node_modules/@smithy/util-buffer-from
414 silly ADD node_modules/@aws-crypto/sha256-browser/node_modules/@smithy/is-array-buffer
415 silly ADD node_modules/@aws-crypto/sha1-browser
416 silly ADD node_modules/@aws-crypto/sha1-browser/node_modules/@smithy/util-utf8
417 silly ADD node_modules/@aws-crypto/sha1-browser/node_modules/@smithy/util-buffer-from
418 silly ADD node_modules/@aws-crypto/sha1-browser/node_modules/@smithy/is-array-buffer
419 silly ADD node_modules/@aws-crypto/crc32c
420 silly ADD node_modules/@aws-crypto/crc32
421 verbose cwd /home/ec2-user
422 verbose os Linux 6.1.134-152.225.amzn2023.x86_64
423 verbose node v18.20.8
424 verbose npm  v10.8.2
425 verbose exit 0
426 info ok
