0 verbose cli /usr/bin/node /usr/bin/npm
1 info using npm@10.8.2
2 info using node@v18.20.8
3 silly config load:file:/usr/lib/node_modules/npm/npmrc
4 silly config load:file:/home/ec2-user/.npmrc
5 silly config load:file:/usr/etc/npmrc
6 verbose title npm install
7 verbose argv "install"
8 verbose logfile logs-max:10 dir:/home/ec2-user/.npm/_logs/2025-06-07T06_08_18_821Z-
9 verbose logfile /home/ec2-user/.npm/_logs/2025-06-07T06_08_18_821Z-debug-0.log
10 silly packumentCache heap:510394368 maxSize:127598592 maxEntrySize:63799296
11 silly logfile done cleaning log files
12 silly idealTree buildDeps
13 silly reify moves {}
14 silly audit bulk request {
14 silly audit   '@aws-crypto/crc32': [ '5.2.0' ],
14 silly audit   '@aws-crypto/crc32c': [ '5.2.0' ],
14 silly audit   '@aws-crypto/sha1-browser': [ '5.2.0' ],
14 silly audit   '@smithy/is-array-buffer': [ '2.2.0', '4.0.0' ],
14 silly audit   '@smithy/util-buffer-from': [ '2.2.0', '4.0.0' ],
14 silly audit   '@smithy/util-utf8': [ '2.3.0', '4.0.0' ],
14 silly audit   '@aws-crypto/sha256-browser': [ '5.2.0' ],
14 silly audit   '@aws-crypto/sha256-js': [ '5.2.0' ],
14 silly audit   '@aws-crypto/supports-web-crypto': [ '5.2.0' ],
14 silly audit   '@aws-crypto/util': [ '5.2.0' ],
14 silly audit   '@aws-sdk/client-s3': [ '3.826.0' ],
14 silly audit   '@aws-sdk/client-sso': [ '3.826.0' ],
14 silly audit   '@aws-sdk/core': [ '3.826.0' ],
14 silly audit   '@aws-sdk/credential-provider-env': [ '3.826.0' ],
14 silly audit   '@aws-sdk/credential-provider-http': [ '3.826.0' ],
14 silly audit   '@aws-sdk/credential-provider-ini': [ '3.826.0' ],
14 silly audit   '@aws-sdk/credential-provider-node': [ '3.826.0' ],
14 silly audit   '@aws-sdk/credential-provider-process': [ '3.826.0' ],
14 silly audit   '@aws-sdk/credential-provider-sso': [ '3.826.0' ],
14 silly audit   '@aws-sdk/credential-provider-web-identity': [ '3.826.0' ],
14 silly audit   '@aws-sdk/lib-storage': [ '3.826.0' ],
14 silly audit   '@aws-sdk/middleware-bucket-endpoint': [ '3.821.0' ],
14 silly audit   '@aws-sdk/middleware-expect-continue': [ '3.821.0' ],
14 silly audit   '@aws-sdk/middleware-flexible-checksums': [ '3.826.0' ],
14 silly audit   '@aws-sdk/middleware-host-header': [ '3.821.0' ],
14 silly audit   '@aws-sdk/middleware-location-constraint': [ '3.821.0' ],
14 silly audit   '@aws-sdk/middleware-logger': [ '3.821.0' ],
14 silly audit   '@aws-sdk/middleware-recursion-detection': [ '3.821.0' ],
14 silly audit   '@aws-sdk/middleware-sdk-s3': [ '3.826.0' ],
14 silly audit   '@aws-sdk/middleware-ssec': [ '3.821.0' ],
14 silly audit   '@aws-sdk/middleware-user-agent': [ '3.826.0' ],
14 silly audit   '@aws-sdk/nested-clients': [ '3.826.0' ],
14 silly audit   '@aws-sdk/region-config-resolver': [ '3.821.0' ],
14 silly audit   '@aws-sdk/signature-v4-multi-region': [ '3.826.0' ],
14 silly audit   '@aws-sdk/token-providers': [ '3.826.0' ],
14 silly audit   '@aws-sdk/types': [ '3.821.0' ],
14 silly audit   '@aws-sdk/util-arn-parser': [ '3.804.0' ],
14 silly audit   '@aws-sdk/util-endpoints': [ '3.821.0' ],
14 silly audit   '@aws-sdk/util-locate-window': [ '3.804.0' ],
14 silly audit   '@aws-sdk/util-user-agent-browser': [ '3.821.0' ],
14 silly audit   '@aws-sdk/util-user-agent-node': [ '3.826.0' ],
14 silly audit   '@aws-sdk/xml-builder': [ '3.821.0' ],
14 silly audit   '@google-cloud/promisify': [ '4.1.0' ],
14 silly audit   '@google-cloud/vision': [ '4.3.3' ],
14 silly audit   '@grpc/grpc-js': [ '1.13.4' ],
14 silly audit   '@grpc/proto-loader': [ '0.7.15' ],
14 silly audit   '@js-sdsl/ordered-map': [ '4.4.2' ],
14 silly audit   '@mongodb-js/saslprep': [ '1.2.2' ],
14 silly audit   '@protobufjs/aspromise': [ '1.1.2' ],
14 silly audit   '@protobufjs/base64': [ '1.1.2' ],
14 silly audit   '@protobufjs/codegen': [ '2.0.4' ],
14 silly audit   '@protobufjs/eventemitter': [ '1.1.0' ],
14 silly audit   '@protobufjs/fetch': [ '1.1.0' ],
14 silly audit   '@protobufjs/float': [ '1.0.2' ],
14 silly audit   '@protobufjs/inquire': [ '1.1.0' ],
14 silly audit   '@protobufjs/path': [ '1.1.2' ],
14 silly audit   '@protobufjs/pool': [ '1.1.0' ],
14 silly audit   '@protobufjs/utf8': [ '1.1.0' ],
14 silly audit   '@smithy/abort-controller': [ '4.0.4' ],
14 silly audit   '@smithy/chunked-blob-reader': [ '5.0.0' ],
14 silly audit   '@smithy/chunked-blob-reader-native': [ '4.0.0' ],
14 silly audit   '@smithy/config-resolver': [ '4.1.4' ],
14 silly audit   '@smithy/core': [ '3.5.3' ],
14 silly audit   '@smithy/credential-provider-imds': [ '4.0.6' ],
14 silly audit   '@smithy/eventstream-codec': [ '4.0.4' ],
14 silly audit   '@smithy/eventstream-serde-browser': [ '4.0.4' ],
14 silly audit   '@smithy/eventstream-serde-config-resolver': [ '4.1.2' ],
14 silly audit   '@smithy/eventstream-serde-node': [ '4.0.4' ],
14 silly audit   '@smithy/eventstream-serde-universal': [ '4.0.4' ],
14 silly audit   '@smithy/fetch-http-handler': [ '5.0.4' ],
14 silly audit   '@smithy/hash-blob-browser': [ '4.0.4' ],
14 silly audit   '@smithy/hash-node': [ '4.0.4' ],
14 silly audit   '@smithy/hash-stream-node': [ '4.0.4' ],
14 silly audit   '@smithy/invalid-dependency': [ '4.0.4' ],
14 silly audit   '@smithy/md5-js': [ '4.0.4' ],
14 silly audit   '@smithy/middleware-content-length': [ '4.0.4' ],
14 silly audit   '@smithy/middleware-endpoint': [ '4.1.11' ],
14 silly audit   '@smithy/middleware-retry': [ '4.1.12' ],
14 silly audit   '@smithy/middleware-serde': [ '4.0.8' ],
14 silly audit   '@smithy/middleware-stack': [ '4.0.4' ],
14 silly audit   '@smithy/node-config-provider': [ '4.1.3' ],
14 silly audit   '@smithy/node-http-handler': [ '4.0.6' ],
14 silly audit   '@smithy/property-provider': [ '4.0.4' ],
14 silly audit   '@smithy/protocol-http': [ '5.1.2' ],
14 silly audit   '@smithy/querystring-builder': [ '4.0.4' ],
14 silly audit   '@smithy/querystring-parser': [ '4.0.4' ],
14 silly audit   '@smithy/service-error-classification': [ '4.0.5' ],
14 silly audit   '@smithy/shared-ini-file-loader': [ '4.0.4' ],
14 silly audit   '@smithy/signature-v4': [ '5.1.2' ],
14 silly audit   '@smithy/smithy-client': [ '4.4.3' ],
14 silly audit   '@smithy/types': [ '4.3.1' ],
14 silly audit   '@smithy/url-parser': [ '4.0.4' ],
14 silly audit   '@smithy/util-base64': [ '4.0.0' ],
14 silly audit   '@smithy/util-body-length-browser': [ '4.0.0' ],
14 silly audit   '@smithy/util-body-length-node': [ '4.0.0' ],
14 silly audit   '@smithy/util-config-provider': [ '4.0.0' ],
14 silly audit   '@smithy/util-defaults-mode-browser': [ '4.0.19' ],
14 silly audit   '@smithy/util-defaults-mode-node': [ '4.0.19' ],
14 silly audit   '@smithy/util-endpoints': [ '3.0.6' ],
14 silly audit   '@smithy/util-hex-encoding': [ '4.0.0' ],
14 silly audit   '@smithy/util-middleware': [ '4.0.4' ],
14 silly audit   '@smithy/util-retry': [ '4.0.5' ],
14 silly audit   '@smithy/util-stream': [ '4.2.2' ],
14 silly audit   '@smithy/util-uri-escape': [ '4.0.0' ],
14 silly audit   '@smithy/util-waiter': [ '4.0.5' ],
14 silly audit   '@tootallnate/once': [ '2.0.0' ],
14 silly audit   '@types/caseless': [ '0.12.5' ],
14 silly audit   '@types/long': [ '4.0.2' ],
14 silly audit   '@types/node': [ '22.15.30' ],
14 silly audit   '@types/request': [ '2.48.12' ],
14 silly audit   '@types/tough-cookie': [ '4.0.5' ],
14 silly audit   '@types/webidl-conversions': [ '7.0.3' ],
14 silly audit   '@types/whatwg-url': [ '8.2.2' ],
14 silly audit   'abort-controller': [ '3.0.0' ],
14 silly audit   accepts: [ '2.0.0' ],
14 silly audit   'adler-32': [ '1.3.1' ],
14 silly audit   'agent-base': [ '7.1.3', '6.0.2' ],
14 silly audit   'ansi-regex': [ '5.0.1' ],
14 silly audit   'ansi-styles': [ '4.3.0' ],
14 silly audit   anymatch: [ '3.1.3' ],
14 silly audit   'append-field': [ '1.0.0' ],
14 silly audit   'asn1.js': [ '5.4.1' ],
14 silly audit   async: [ '3.2.6' ],
14 silly audit   asynckit: [ '0.4.0' ],
14 silly audit   'balanced-match': [ '1.0.2' ],
14 silly audit   'base64-js': [ '1.5.1' ],
14 silly audit   bcrypt: [ '6.0.0' ],
14 silly audit   'bignumber.js': [ '9.3.0' ],
14 silly audit   'binary-extensions': [ '2.3.0' ],
14 silly audit   'bmp-js': [ '0.1.0' ],
14 silly audit   'bn.js': [ '4.12.2' ],
14 silly audit   'body-parser': [ '2.2.0' ],
14 silly audit   bowser: [ '2.11.0' ],
14 silly audit   'brace-expansion': [ '1.1.11', '2.0.1' ],
14 silly audit   braces: [ '3.0.3' ],
14 silly audit   bson: [ '5.5.1' ],
14 silly audit   buffer: [ '5.6.0' ],
14 silly audit   'buffer-equal-constant-time': [ '1.0.1' ],
14 silly audit   'buffer-from': [ '1.1.2' ],
14 silly audit   busboy: [ '1.6.0' ],
14 silly audit   bytes: [ '3.1.2' ],
14 silly audit   'call-bind-apply-helpers': [ '1.0.2' ],
14 silly audit   'call-bound': [ '1.0.4' ],
14 silly audit   cfb: [ '1.2.2' ],
14 silly audit   chalk: [ '4.1.2' ],
14 silly audit   chokidar: [ '3.6.0' ],
14 silly audit   cliui: [ '8.0.1' ],
14 silly audit   codepage: [ '1.15.0' ],
14 silly audit   'color-convert': [ '2.0.1' ],
14 silly audit   'color-name': [ '1.1.4' ],
14 silly audit   'combined-stream': [ '1.0.8' ],
14 silly audit   'concat-map': [ '0.0.1' ],
14 silly audit   'concat-stream': [ '2.0.0' ],
14 silly audit   'connect-mongo': [ '5.1.0' ],
14 silly audit   'content-disposition': [ '1.0.0' ],
14 silly audit   'content-type': [ '1.0.5' ],
14 silly audit   cookie: [ '0.7.2' ],
14 silly audit   'cookie-signature': [ '1.2.2', '1.0.7' ],
14 silly audit   'crc-32': [ '1.2.2' ],
14 silly audit   debug: [ '4.4.1', '2.6.9', '3.1.0' ],
14 silly audit   'delayed-stream': [ '1.0.0' ],
14 silly audit   depd: [ '2.0.0' ],
14 silly audit   dotenv: [ '16.5.0' ],
14 silly audit   'dunder-proto': [ '1.0.1' ],
14 silly audit   duplexify: [ '4.1.3' ],
14 silly audit   'ecdsa-sig-formatter': [ '1.0.11' ],
14 silly audit   'ee-first': [ '1.1.1' ],
14 silly audit   ejs: [ '3.1.10' ],
14 silly audit   'emoji-regex': [ '8.0.0' ],
14 silly audit   encodeurl: [ '2.0.0' ],
14 silly audit   'end-of-stream': [ '1.4.4' ],
14 silly audit   'es-define-property': [ '1.0.1' ],
14 silly audit   'es-errors': [ '1.3.0' ],
14 silly audit   'es-object-atoms': [ '1.1.1' ],
14 silly audit   'es-set-tostringtag': [ '2.1.0' ],
14 silly audit   escalade: [ '3.2.0' ],
14 silly audit   'escape-html': [ '1.0.3' ],
14 silly audit   etag: [ '1.8.1' ],
14 silly audit   'event-target-shim': [ '5.0.1' ],
14 silly audit   events: [ '3.3.0' ],
14 silly audit   express: [ '5.1.0' ],
14 silly audit   'express-session': [ '1.18.1' ],
14 silly audit   ms: [ '2.0.0', '2.1.3' ],
14 silly audit   extend: [ '3.0.2' ],
14 silly audit   'fast-xml-parser': [ '4.4.1' ],
14 silly audit   'file-type': [ '3.9.0' ],
14 silly audit   filelist: [ '1.0.4' ],
14 silly audit   minimatch: [ '5.1.6', '3.1.2' ],
14 silly audit   'fill-range': [ '7.1.1' ],
14 silly audit   finalhandler: [ '2.1.0' ],
14 silly audit   'form-data': [ '2.5.3' ],
14 silly audit   'mime-db': [ '1.52.0', '1.54.0' ],
14 silly audit   'mime-types': [ '2.1.35', '3.0.1' ],
14 silly audit   forwarded: [ '0.2.0' ],
14 silly audit   frac: [ '1.1.2' ],
14 silly audit   fresh: [ '2.0.0' ],
14 silly audit   fsevents: [ '2.3.3' ],
14 silly audit   'function-bind': [ '1.1.2' ],
14 silly audit   gaxios: [ '6.7.1' ],
14 silly audit   'gcp-metadata': [ '6.1.1' ],
14 silly audit   'get-caller-file': [ '2.0.5' ],
14 silly audit   'get-intrinsic': [ '1.3.0' ],
14 silly audit   'get-proto': [ '1.0.1' ],
14 silly audit   'glob-parent': [ '5.1.2' ],
14 silly audit   'google-auth-library': [ '9.15.1' ],
14 silly audit   'google-gax': [ '4.6.1' ],
14 silly audit   'google-logging-utils': [ '0.0.2' ],
14 silly audit   gopd: [ '1.2.0' ],
14 silly audit   gtoken: [ '7.1.0' ],
14 silly audit   'has-flag': [ '4.0.0', '3.0.0' ],
14 silly audit   'has-symbols': [ '1.1.0' ],
14 silly audit   'has-tostringtag': [ '1.0.2' ],
14 silly audit   hasown: [ '2.0.2' ],
14 silly audit   'html-comment-regex': [ '1.1.2' ],
14 silly audit   'http-errors': [ '2.0.0' ],
14 silly audit   statuses: [ '2.0.1', '2.0.2' ],
14 silly audit   'http-proxy-agent': [ '5.0.0' ],
14 silly audit   'https-proxy-agent': [ '7.0.6', '5.0.1' ],
14 silly audit   'iconv-lite': [ '0.6.3' ],
14 silly audit   'idb-keyval': [ '6.2.2' ],
14 silly audit   ieee754: [ '1.2.1' ],
14 silly audit   'ignore-by-default': [ '1.0.1' ],
14 silly audit   inherits: [ '2.0.4' ],
14 silly audit   'ip-address': [ '9.0.5' ],
14 silly audit   'ipaddr.js': [ '1.9.1' ],
14 silly audit   is: [ '3.3.0' ],
14 silly audit   'is-binary-path': [ '2.1.0' ],
14 silly audit   'is-electron': [ '2.2.2' ],
14 silly audit   'is-extglob': [ '2.1.1' ],
14 silly audit   'is-fullwidth-code-point': [ '3.0.0' ],
14 silly audit   'is-glob': [ '4.0.3' ],
14 silly audit   'is-number': [ '7.0.0' ],
14 silly audit   'is-promise': [ '4.0.0' ],
14 silly audit   'is-stream': [ '2.0.1' ],
14 silly audit   'is-url': [ '1.2.4' ],
14 silly audit   jake: [ '10.9.2' ],
14 silly audit   jsbn: [ '1.1.0' ],
14 silly audit   'json-bigint': [ '1.0.0' ],
14 silly audit   jsonwebtoken: [ '9.0.2' ],
14 silly audit   jwa: [ '1.4.2', '2.0.1' ],
14 silly audit   jws: [ '3.2.2', '4.0.0' ],
14 silly audit   kruptein: [ '3.0.8' ],
14 silly audit   'lodash.camelcase': [ '4.3.0' ],
14 silly audit   'lodash.includes': [ '4.3.0' ],
14 silly audit   'lodash.isboolean': [ '3.0.3' ],
14 silly audit   'lodash.isinteger': [ '4.0.4' ],
14 silly audit   'lodash.isnumber': [ '3.0.3' ],
14 silly audit   'lodash.isplainobject': [ '4.0.6' ],
14 silly audit   'lodash.isstring': [ '4.0.1' ],
14 silly audit   'lodash.once': [ '4.1.1' ],
14 silly audit   long: [ '5.3.2' ],
14 silly audit   'math-intrinsics': [ '1.1.0' ],
14 silly audit   'media-typer': [ '1.1.0', '0.3.0' ],
14 silly audit   'memory-pager': [ '1.5.0' ],
14 silly audit   'merge-descriptors': [ '2.0.0' ],
14 silly audit   'method-override': [ '3.0.0' ],
14 silly audit   methods: [ '1.1.2' ],
14 silly audit   'minimalistic-assert': [ '1.0.1' ],
14 silly audit   minimist: [ '1.2.8' ],
14 silly audit   mkdirp: [ '0.5.6' ],
14 silly audit   mongodb: [ '5.9.2' ],
14 silly audit   'mongodb-connection-string-url': [ '2.6.0' ],
14 silly audit   multer: [ '2.0.1' ],
14 silly audit   'multer-s3': [ '3.0.1' ],
14 silly audit   'type-is': [ '1.6.18', '2.0.1' ],
14 silly audit   negotiator: [ '1.0.0' ],
14 silly audit   'node-addon-api': [ '8.3.1' ],
14 silly audit   'node-fetch': [ '2.7.0' ],
14 silly audit   tr46: [ '0.0.3', '3.0.0' ],
14 silly audit   'webidl-conversions': [ '3.0.1', '7.0.0' ],
14 silly audit   'whatwg-url': [ '5.0.0', '11.0.0' ],
14 silly audit   'node-gyp-build': [ '4.8.4' ],
14 silly audit   nodemailer: [ '7.0.3' ],
14 silly audit   nodemon: [ '3.1.10' ],
14 silly audit   'supports-color': [ '5.5.0', '7.2.0' ],
14 silly audit   'normalize-path': [ '3.0.0' ],
14 silly audit   'object-assign': [ '4.1.1' ],
14 silly audit   'object-hash': [ '3.0.0' ],
14 silly audit   'object-inspect': [ '1.13.4' ],
14 silly audit   'on-finished': [ '2.4.1' ],
14 silly audit   'on-headers': [ '1.0.2' ],
14 silly audit   once: [ '1.4.0' ],
14 silly audit   'opencollective-postinstall': [ '2.0.3' ],
14 silly audit   parseurl: [ '1.3.3' ],
14 silly audit   passport: [ '0.7.0' ],
14 silly audit   'passport-local': [ '1.0.0' ],
14 silly audit   'passport-strategy': [ '1.0.0' ],
14 silly audit   'path-to-regexp': [ '8.2.0' ],
14 silly audit   pause: [ '0.0.1' ],
14 silly audit   picomatch: [ '2.3.1' ],
14 silly audit   'proto3-json-serializer': [ '2.0.2' ],
14 silly audit   protobufjs: [ '7.5.3' ],
14 silly audit   'proxy-addr': [ '2.0.7' ],
14 silly audit   'pstree.remy': [ '1.1.8' ],
14 silly audit   punycode: [ '2.3.1' ],
14 silly audit   qs: [ '6.14.0' ],
14 silly audit   'queue-microtask': [ '1.2.3' ],
14 silly audit   'random-bytes': [ '1.0.0' ],
14 silly audit   'range-parser': [ '1.2.1' ],
14 silly audit   'raw-body': [ '3.0.0' ],
14 silly audit   'readable-stream': [ '3.6.2' ],
14 silly audit   readdirp: [ '3.6.0' ],
14 silly audit   'regenerator-runtime': [ '0.13.11' ],
14 silly audit   'require-directory': [ '2.1.1' ],
14 silly audit   'retry-request': [ '7.0.2' ],
14 silly audit   router: [ '2.2.0' ],
14 silly audit   'run-parallel': [ '1.2.0' ],
14 silly audit   'safe-buffer': [ '5.2.1' ],
14 silly audit   'safer-buffer': [ '2.1.2' ],
14 silly audit   semver: [ '7.7.2' ],
14 silly audit   send: [ '1.2.0' ],
14 silly audit   'serve-static': [ '2.2.0' ],
14 silly audit   setprototypeof: [ '1.2.0' ],
14 silly audit   'side-channel': [ '1.1.0' ],
14 silly audit   'side-channel-list': [ '1.0.0' ],
14 silly audit   'side-channel-map': [ '1.0.1' ],
14 silly audit   'side-channel-weakmap': [ '1.0.2' ],
14 silly audit   'simple-update-notifier': [ '2.0.0' ],
14 silly audit   'smart-buffer': [ '4.2.0' ],
14 silly audit   socks: [ '2.8.4' ],
14 silly audit   'sparse-bitfield': [ '3.0.3' ],
14 silly audit   'sprintf-js': [ '1.1.3' ],
14 silly audit   ssf: [ '0.11.2' ],
14 silly audit   'stream-browserify': [ '3.0.0' ],
14 silly audit   'stream-events': [ '1.0.5' ],
14 silly audit   'stream-shift': [ '1.0.3' ],
14 silly audit   streamsearch: [ '1.1.0' ],
14 silly audit   string_decoder: [ '1.3.0' ],
14 silly audit   'string-width': [ '4.2.3' ],
14 silly audit   'strip-ansi': [ '6.0.1' ],
14 silly audit   strnum: [ '1.1.2' ],
14 silly audit   stubs: [ '3.0.0' ],
14 silly audit   'teeny-request': [ '9.0.0' ],
14 silly audit   'tesseract.js': [ '4.1.4' ],
14 silly audit   'tesseract.js-core': [ '4.0.4' ],
14 silly audit   'to-regex-range': [ '5.0.1' ],
14 silly audit   toidentifier: [ '1.0.1' ],
14 silly audit   touch: [ '3.1.1' ],
14 silly audit   tslib: [ '2.8.1' ],
14 silly audit   typedarray: [ '0.0.6' ],
14 silly audit   'uid-safe': [ '2.1.5' ],
14 silly audit   undefsafe: [ '2.0.5' ],
14 silly audit   'undici-types': [ '6.21.0' ],
14 silly audit   unpipe: [ '1.0.0' ],
14 silly audit   'util-deprecate': [ '1.0.2' ],
14 silly audit   'utils-merge': [ '1.0.1' ],
14 silly audit   uuid: [ '9.0.1' ],
14 silly audit   vary: [ '1.1.2' ],
14 silly audit   'wasm-feature-detect': [ '1.8.0' ],
14 silly audit   wmf: [ '1.0.2' ],
14 silly audit   word: [ '0.3.0' ],
14 silly audit   'wrap-ansi': [ '7.0.0' ],
14 silly audit   wrappy: [ '1.0.2' ],
14 silly audit   xlsx: [ '0.18.5' ],
14 silly audit   xtend: [ '4.0.2' ],
14 silly audit   y18n: [ '5.0.8' ],
14 silly audit   yargs: [ '17.7.2' ],
14 silly audit   'yargs-parser': [ '21.1.1' ],
14 silly audit   zlibjs: [ '0.3.1' ]
14 silly audit }
15 verbose reify failed optional dependency /home/ec2-user/node_modules/fsevents
16 silly reify mark deleted [ '/home/ec2-user/node_modules/fsevents' ]
17 http fetch POST 200 https://registry.npmjs.org/-/npm/v1/security/advisories/bulk 553ms
18 silly audit report {
18 silly audit report   xlsx: [
18 silly audit report     {
18 silly audit report       id: 1094599,
18 silly audit report       url: 'https://github.com/advisories/GHSA-4r6h-8v6p-xvw6',
18 silly audit report       title: 'Prototype Pollution in sheetJS',
18 silly audit report       severity: 'high',
18 silly audit report       vulnerable_versions: '<0.19.3',
18 silly audit report       cwe: [Array],
18 silly audit report       cvss: [Object]
18 silly audit report     },
18 silly audit report     {
18 silly audit report       id: 1096911,
18 silly audit report       url: 'https://github.com/advisories/GHSA-5pgg-2g8v-p4x9',
18 silly audit report       title: 'SheetJS Regular Expression Denial of Service (ReDoS)',
18 silly audit report       severity: 'high',
18 silly audit report       vulnerable_versions: '<0.20.2',
18 silly audit report       cwe: [Array],
18 silly audit report       cvss: [Object]
18 silly audit report     }
18 silly audit report   ]
18 silly audit report }
19 silly packumentCache corgi:https://registry.npmjs.org/xlsx cache-miss
20 http fetch GET 200 https://registry.npmjs.org/xlsx 46ms (cache revalidated)
21 silly packumentCache corgi:https://registry.npmjs.org/xlsx set size:134408 disposed:false
22 silly ADD
23 verbose cwd /home/ec2-user
24 verbose os Linux 6.1.134-152.225.amzn2023.x86_64
25 verbose node v18.20.8
26 verbose npm  v10.8.2
27 verbose exit 0
28 info ok
