*
* Visual Studio Code Server
*
* By using the software, you agree to
* the Visual Studio Code Server License Terms (https://aka.ms/vscode-server-license) and
* the Microsoft Privacy Statement (https://privacy.microsoft.com/en-US/privacystatement).
*
Server bound to 127.0.0.1:45905 (IPv4)
Extension host agent listening on 45905

[03:14:20] 




[03:14:20] Extension host agent started.
[03:14:20] Started initializing default profile extensions in extensions installation folder. file:///home/ec2-user/.vscode-server/extensions
[03:14:20] Completed initializing default profile extensions in extensions installation folder. file:///home/ec2-user/.vscode-server/extensions
[03:14:20] [127.0.0.1][0a86e9aa][ManagementConnection] New connection established.
[03:14:20] [127.0.0.1][31921e26][ExtensionHostConnection] New connection established.
[03:14:20] [127.0.0.1][31921e26][ExtensionHostConnection] <59822> Launched Extension Host Process.
[IPC Library: Pty Host]  WARN Shell integration cannot be enabled for executable "/bin/sh" and args [
  '-c',
  'wget --version > /dev/null\n' +
    'if [ $? -eq 0 ]\n' +
    'then\n' +
    "\twget --connect-timeout=7 --tries=1 --dns-timeout=7 -q --header='Metadata:true' -O - http://169.254.169.254/metadata/instance?api-version=2019-03-11\n" +
    'else\n' +
    '\tcurl --version > /dev/null\n' +
    '\tif [ $? -eq 0 ]\n' +
    '\tthen\n' +
    "\t\tcurl --connect-timeout 7 -s --header='Metadata:true' http://169.254.169.254/metadata/instance?api-version=2019-03-11\n" +
    '\tfi\n' +
    'fi\n' +
    'exit 0'
]
[IPC Library: Pty Host]  WARN Shell integration cannot be enabled for executable "/bin/sh" and args [
  '-c',
  'wget --version > /dev/null\n' +
    'if [ $? -eq 0 ]\n' +
    'then\n' +
    '\twget --connect-timeout=7 --tries=1 --dns-timeout=7 -q  -O - http://169.254.169.254/latest/meta-data/instance-id\n' +
    'else\n' +
    '\tcurl --version > /dev/null\n' +
    '\tif [ $? -eq 0 ]\n' +
    '\tthen\n' +
    '\t\tcurl --connect-timeout 7 -s  http://169.254.169.254/latest/meta-data/instance-id\n' +
    '\tfi\n' +
    'fi\n' +
    'exit 0'
]
[IPC Library: Pty Host]  WARN Shell integration cannot be enabled for executable "/bin/sh" and args [
  '-c',
  'wget --version > /dev/null\n' +
    'if [ $? -eq 0 ]\n' +
    'then\n' +
    '\twget --connect-timeout=7 --tries=1 --dns-timeout=7 -q  -O - http://169.254.169.254/metadata/v1/id\n' +
    'else\n' +
    '\tcurl --version > /dev/null\n' +
    '\tif [ $? -eq 0 ]\n' +
    '\tthen\n' +
    '\t\tcurl --connect-timeout 7 -s  http://169.254.169.254/metadata/v1/id\n' +
    '\tfi\n' +
    'fi\n' +
    'exit 0'
]
[IPC Library: Pty Host]  WARN Shell integration cannot be enabled for executable "/bin/sh" and args [
  '-c',
  'wget --version > /dev/null\n' +
    'if [ $? -eq 0 ]\n' +
    'then\n' +
    "\twget --connect-timeout=7 --tries=1 --dns-timeout=7 -q --header='Metadata-Flavor:Google' -O - http://metadata.google.internal/computeMetadata/v1/instance/id\n" +
    'else\n' +
    '\tcurl --version > /dev/null\n' +
    '\tif [ $? -eq 0 ]\n' +
    '\tthen\n' +
    "\t\tcurl --connect-timeout 7 -s --header='Metadata-Flavor:Google' http://metadata.google.internal/computeMetadata/v1/instance/id\n" +
    '\tfi\n' +
    'fi\n' +
    'exit 0'
]
New EH opened, aborting shutdown
[03:19:20] New EH opened, aborting shutdown
[03:20:29] [127.0.0.1][0a86e9aa][ManagementConnection] The client has disconnected gracefully, so the connection will be disposed.
[03:20:29] [127.0.0.1][31921e26][ExtensionHostConnection] <59822> Extension Host Process exited with code: 0, signal: null.
Last EH closed, waiting before shutting down
[03:20:29] Last EH closed, waiting before shutting down
Got delay-shutdown request while in shutdown timeout, delaying
[03:20:30] Got delay-shutdown request while in shutdown timeout, delaying
Cancelling previous shutdown timeout
[03:20:30] Cancelling previous shutdown timeout
[03:20:31] [127.0.0.1][ea2569c7][ManagementConnection] New connection established.
[03:20:31] [127.0.0.1][e113ff9e][ExtensionHostConnection] New connection established.
[03:20:31] [127.0.0.1][e113ff9e][ExtensionHostConnection] <60665> Launched Extension Host Process.
[IPC Library: Pty Host]  WARN Shell integration cannot be enabled for executable "/bin/sh" and args [
  '-c',
  'wget --version > /dev/null\n' +
    'if [ $? -eq 0 ]\n' +
    'then\n' +
    "\twget --connect-timeout=7 --tries=1 --dns-timeout=7 -q --header='Metadata:true' -O - http://169.254.169.254/metadata/instance?api-version=2019-03-11\n" +
    'else\n' +
    '\tcurl --version > /dev/null\n' +
    '\tif [ $? -eq 0 ]\n' +
    '\tthen\n' +
    "\t\tcurl --connect-timeout 7 -s --header='Metadata:true' http://169.254.169.254/metadata/instance?api-version=2019-03-11\n" +
    '\tfi\n' +
    'fi\n' +
    'exit 0'
]
[IPC Library: Pty Host]  WARN Shell integration cannot be enabled for executable "/bin/sh" and args [
  '-c',
  'wget --version > /dev/null\n' +
    'if [ $? -eq 0 ]\n' +
    'then\n' +
    '\twget --connect-timeout=7 --tries=1 --dns-timeout=7 -q  -O - http://169.254.169.254/latest/meta-data/instance-id\n' +
    'else\n' +
    '\tcurl --version > /dev/null\n' +
    '\tif [ $? -eq 0 ]\n' +
    '\tthen\n' +
    '\t\tcurl --connect-timeout 7 -s  http://169.254.169.254/latest/meta-data/instance-id\n' +
    '\tfi\n' +
    'fi\n' +
    'exit 0'
]
[IPC Library: Pty Host]  WARN Shell integration cannot be enabled for executable "/bin/sh" and args [
  '-c',
  'wget --version > /dev/null\n' +
    'if [ $? -eq 0 ]\n' +
    'then\n' +
    '\twget --connect-timeout=7 --tries=1 --dns-timeout=7 -q  -O - http://169.254.169.254/metadata/v1/id\n' +
    'else\n' +
    '\tcurl --version > /dev/null\n' +
    '\tif [ $? -eq 0 ]\n' +
    '\tthen\n' +
    '\t\tcurl --connect-timeout 7 -s  http://169.254.169.254/metadata/v1/id\n' +
    '\tfi\n' +
    'fi\n' +
    'exit 0'
]
[IPC Library: Pty Host]  WARN Shell integration cannot be enabled for executable "/bin/sh" and args [
  '-c',
  'wget --version > /dev/null\n' +
    'if [ $? -eq 0 ]\n' +
    'then\n' +
    "\twget --connect-timeout=7 --tries=1 --dns-timeout=7 -q --header='Metadata-Flavor:Google' -O - http://metadata.google.internal/computeMetadata/v1/instance/id\n" +
    'else\n' +
    '\tcurl --version > /dev/null\n' +
    '\tif [ $? -eq 0 ]\n' +
    '\tthen\n' +
    "\t\tcurl --connect-timeout 7 -s --header='Metadata-Flavor:Google' http://metadata.google.internal/computeMetadata/v1/instance/id\n" +
    '\tfi\n' +
    'fi\n' +
    'exit 0'
]
New EH opened, aborting shutdown
[03:25:30] New EH opened, aborting shutdown
[03:59:41] No ptyHost heartbeat after 6 seconds
[04:01:45] No ptyHost heartbeat after 6 seconds
[04:01:59] No ptyHost heartbeat after 12 seconds
[04:02:17] No ptyHost heartbeat after 6 seconds
[04:02:25] No ptyHost heartbeat after 12 seconds
[04:05:36] No ptyHost heartbeat after 6 seconds
[04:05:52] No ptyHost heartbeat after 6 seconds
[04:08:22] No ptyHost heartbeat after 6 seconds
[04:08:42] No ptyHost heartbeat after 6 seconds
[04:09:02] No ptyHost heartbeat after 6 seconds
[04:09:21] No ptyHost heartbeat after 6 seconds
[04:09:34] No ptyHost heartbeat after 6 seconds
[04:09:40] No ptyHost heartbeat after 12 seconds
[04:10:26] No ptyHost heartbeat after 6 seconds
[04:10:39] No ptyHost heartbeat after 6 seconds
[04:10:47] No ptyHost heartbeat after 12 seconds
[04:11:20] [127.0.0.1][ea2569c7][ManagementConnection] The client has disconnected gracefully, so the connection will be disposed.
[04:11:20] [127.0.0.1][e113ff9e][ExtensionHostConnection] <60665> Extension Host Process exited with code: 0, signal: null.
Last EH closed, waiting before shutting down
[04:11:20] Last EH closed, waiting before shutting down
Last EH closed, shutting down
[04:16:20] Last EH closed, shutting down
